Determining if the pthread_create exist failed with the following output:
Change Dir: /home/victor/catkin_ws/src/my_pcl_tutorial/build/CMakeFiles/CMakeTmp

Run Build Command:"/usr/bin/make" "cmTC_dec18/fast"
make[1]: Entering directory '/home/victor/catkin_ws/src/my_pcl_tutorial/build/CMakeFiles/CMakeTmp'
/usr/bin/make -f CMakeFiles/cmTC_dec18.dir/build.make CMakeFiles/cmTC_dec18.dir/build
make[2]: Entering directory '/home/victor/catkin_ws/src/my_pcl_tutorial/build/CMakeFiles/CMakeTmp'
Building C object CMakeFiles/cmTC_dec18.dir/CheckSymbolExists.c.o
/usr/bin/cc     -o CMakeFiles/cmTC_dec18.dir/CheckSymbolExists.c.o   -c /home/victor/catkin_ws/src/my_pcl_tutorial/build/CMakeFiles/CMakeTmp/CheckSymbolExists.c
Linking C executable cmTC_dec18
/usr/bin/cmake -E cmake_link_script CMakeFiles/cmTC_dec18.dir/link.txt --verbose=1
/usr/bin/cc       CMakeFiles/cmTC_dec18.dir/CheckSymbolExists.c.o  -o cmTC_dec18 -rdynamic 
CMakeFiles/cmTC_dec18.dir/CheckSymbolExists.c.o：在函数‘main’中：
CheckSymbolExists.c:(.text+0x16)：对‘pthread_create’未定义的引用
collect2: error: ld returned 1 exit status
CMakeFiles/cmTC_dec18.dir/build.make:97: recipe for target 'cmTC_dec18' failed
make[2]: *** [cmTC_dec18] Error 1
make[2]: Leaving directory '/home/victor/catkin_ws/src/my_pcl_tutorial/build/CMakeFiles/CMakeTmp'
Makefile:126: recipe for target 'cmTC_dec18/fast' failed
make[1]: *** [cmTC_dec18/fast] Error 2
make[1]: Leaving directory '/home/victor/catkin_ws/src/my_pcl_tutorial/build/CMakeFiles/CMakeTmp'

File /home/victor/catkin_ws/src/my_pcl_tutorial/build/CMakeFiles/CMakeTmp/CheckSymbolExists.c:
/* */
#include <pthread.h>

int main(int argc, char** argv)
{
  (void)argv;
#ifndef pthread_create
  return ((int*)(&pthread_create))[argc];
#else
  (void)argc;
  return 0;
#endif
}

Determining if the function pthread_create exists in the pthreads failed with the following output:
Change Dir: /home/victor/catkin_ws/src/my_pcl_tutorial/build/CMakeFiles/CMakeTmp

Run Build Command:"/usr/bin/make" "cmTC_cf0d2/fast"
make[1]: Entering directory '/home/victor/catkin_ws/src/my_pcl_tutorial/build/CMakeFiles/CMakeTmp'
/usr/bin/make -f CMakeFiles/cmTC_cf0d2.dir/build.make CMakeFiles/cmTC_cf0d2.dir/build
make[2]: Entering directory '/home/victor/catkin_ws/src/my_pcl_tutorial/build/CMakeFiles/CMakeTmp'
Building C object CMakeFiles/cmTC_cf0d2.dir/CheckFunctionExists.c.o
/usr/bin/cc    -DCHECK_FUNCTION_EXISTS=pthread_create   -o CMakeFiles/cmTC_cf0d2.dir/CheckFunctionExists.c.o   -c /usr/share/cmake-3.5/Modules/CheckFunctionExists.c
Linking C executable cmTC_cf0d2
/usr/bin/cmake -E cmake_link_script CMakeFiles/cmTC_cf0d2.dir/link.txt --verbose=1
/usr/bin/cc   -DCHECK_FUNCTION_EXISTS=pthread_create    CMakeFiles/cmTC_cf0d2.dir/CheckFunctionExists.c.o  -o cmTC_cf0d2 -rdynamic -lpthreads 
/usr/bin/ld: 找不到 -lpthreads
collect2: error: ld returned 1 exit status
CMakeFiles/cmTC_cf0d2.dir/build.make:97: recipe for target 'cmTC_cf0d2' failed
make[2]: *** [cmTC_cf0d2] Error 1
make[2]: Leaving directory '/home/victor/catkin_ws/src/my_pcl_tutorial/build/CMakeFiles/CMakeTmp'
Makefile:126: recipe for target 'cmTC_cf0d2/fast' failed
make[1]: *** [cmTC_cf0d2/fast] Error 2
make[1]: Leaving directory '/home/victor/catkin_ws/src/my_pcl_tutorial/build/CMakeFiles/CMakeTmp'


