Determining if the pthread_create exist failed with the following output:
Change Dir: /home/victor/catkin_ws/build/CMakeFiles/CMakeTmp

Run Build Command:"/usr/bin/make" "cmTC_bed8b/fast"
/usr/bin/make -f CMakeFiles/cmTC_bed8b.dir/build.make CMakeFiles/cmTC_bed8b.dir/build
make[1]: Entering directory '/home/victor/catkin_ws/build/CMakeFiles/CMakeTmp'
Building C object CMakeFiles/cmTC_bed8b.dir/CheckSymbolExists.c.o
/usr/bin/cc     -o CMakeFiles/cmTC_bed8b.dir/CheckSymbolExists.c.o   -c /home/victor/catkin_ws/build/CMakeFiles/CMakeTmp/CheckSymbolExists.c
Linking C executable cmTC_bed8b
/usr/bin/cmake -E cmake_link_script CMakeFiles/cmTC_bed8b.dir/link.txt --verbose=1
/usr/bin/cc       CMakeFiles/cmTC_bed8b.dir/CheckSymbolExists.c.o  -o cmTC_bed8b -rdynamic 
CMakeFiles/cmTC_bed8b.dir/CheckSymbolExists.c.o：在函数‘main’中：
CheckSymbolExists.c:(.text+0x16)：对‘pthread_create’未定义的引用
collect2: error: ld returned 1 exit status
CMakeFiles/cmTC_bed8b.dir/build.make:97: recipe for target 'cmTC_bed8b' failed
make[1]: *** [cmTC_bed8b] Error 1
make[1]: Leaving directory '/home/victor/catkin_ws/build/CMakeFiles/CMakeTmp'
Makefile:126: recipe for target 'cmTC_bed8b/fast' failed
make: *** [cmTC_bed8b/fast] Error 2

File /home/victor/catkin_ws/build/CMakeFiles/CMakeTmp/CheckSymbolExists.c:
/* */
#include <pthread.h>

int main(int argc, char** argv)
{
  (void)argv;
#ifndef pthread_create
  return ((int*)(&pthread_create))[argc];
#else
  (void)argc;
  return 0;
#endif
}

Determining if the function pthread_create exists in the pthreads failed with the following output:
Change Dir: /home/victor/catkin_ws/build/CMakeFiles/CMakeTmp

Run Build Command:"/usr/bin/make" "cmTC_4e608/fast"
/usr/bin/make -f CMakeFiles/cmTC_4e608.dir/build.make CMakeFiles/cmTC_4e608.dir/build
make[1]: Entering directory '/home/victor/catkin_ws/build/CMakeFiles/CMakeTmp'
Building C object CMakeFiles/cmTC_4e608.dir/CheckFunctionExists.c.o
/usr/bin/cc    -DCHECK_FUNCTION_EXISTS=pthread_create   -o CMakeFiles/cmTC_4e608.dir/CheckFunctionExists.c.o   -c /usr/share/cmake-3.5/Modules/CheckFunctionExists.c
Linking C executable cmTC_4e608
/usr/bin/cmake -E cmake_link_script CMakeFiles/cmTC_4e608.dir/link.txt --verbose=1
/usr/bin/cc   -DCHECK_FUNCTION_EXISTS=pthread_create    CMakeFiles/cmTC_4e608.dir/CheckFunctionExists.c.o  -o cmTC_4e608 -rdynamic -lpthreads 
/usr/bin/ld: 找不到 -lpthreads
collect2: error: ld returned 1 exit status
CMakeFiles/cmTC_4e608.dir/build.make:97: recipe for target 'cmTC_4e608' failed
make[1]: *** [cmTC_4e608] Error 1
make[1]: Leaving directory '/home/victor/catkin_ws/build/CMakeFiles/CMakeTmp'
Makefile:126: recipe for target 'cmTC_4e608/fast' failed
make: *** [cmTC_4e608/fast] Error 2


